2010.07.05 20:48 B \\META-SERVER\asco\prototype\images\asc.gif --> ftp.meta-technology.net /www/asco/images asc.gif
2010.07.05 20:48 B \\META-SERVER\asco\prototype\images\border.jpg --> ftp.meta-technology.net /www/asco/images border.jpg
2010.07.05 20:48 B \\META-SERVER\asco\prototype\images\btn_extend.gif --> ftp.meta-technology.net /www/asco/images btn_extend.gif
2010.07.05 20:48 B \\META-SERVER\asco\prototype\images\default_foto.gif --> ftp.meta-technology.net /www/asco/images default_foto.gif
2010.07.05 20:48 B \\META-SERVER\asco\prototype\images\desc.gif --> ftp.meta-technology.net /www/asco/images desc.gif
2010.07.05 20:48 B \\META-SERVER\asco\prototype\images\false.gif --> ftp.meta-technology.net /www/asco/images false.gif
2010.07.05 20:48 B \\META-SERVER\asco\prototype\images\footer_background.jpg --> ftp.meta-technology.net /www/asco/images footer_background.jpg
2010.07.05 20:48 B \\META-SERVER\asco\prototype\images\foto_contoh.jpg --> ftp.meta-technology.net /www/asco/images foto_contoh.jpg
2010.07.05 20:48 B \\META-SERVER\asco\prototype\images\go.jpg --> ftp.meta-technology.net /www/asco/images go.jpg
2010.07.05 20:48 B \\META-SERVER\asco\prototype\images\graph_gp.jpg --> ftp.meta-technology.net /www/asco/images graph_gp.jpg
2010.07.05 20:48 B \\META-SERVER\asco\prototype\images\graph_gp_2010.jpg --> ftp.meta-technology.net /www/asco/images graph_gp_2010.jpg
2010.07.05 20:48 B \\META-SERVER\asco\prototype\images\graph_gp_2010_daihatsu.jpg --> ftp.meta-technology.net /www/asco/images graph_gp_2010_daihatsu.jpg
2010.07.05 20:48 B \\META-SERVER\asco\prototype\images\graph_gp_2010_daihatsu_jakarta.jpg --> ftp.meta-technology.net /www/asco/images graph_gp_2010_daihatsu_jakarta.jpg
2010.07.05 20:48 B \\META-SERVER\asco\prototype\images\graph_gp_2010_daihatsu_jakarta_bandung.jpg --> ftp.meta-technology.net /www/asco/images graph_gp_2010_daihatsu_jakarta_bandung.jpg
2010.07.05 20:48 B \\META-SERVER\asco\prototype\images\graph_gp_2010_daihatsu_jakarta_fat.jpg --> ftp.meta-technology.net /www/asco/images graph_gp_2010_daihatsu_jakarta_fat.jpg
2010.07.05 20:48 B \\META-SERVER\asco\prototype\images\graph_gp_daihatsu.jpg --> ftp.meta-technology.net /www/asco/images graph_gp_daihatsu.jpg
2010.07.05 20:49 B \\META-SERVER\asco\prototype\images\graph_gp_daihatsu_jakarta.jpg --> ftp.meta-technology.net /www/asco/images graph_gp_daihatsu_jakarta.jpg
2010.07.05 20:49 B \\META-SERVER\asco\prototype\images\graph_gp_daihatsu_jakarta_bandung.jpg --> ftp.meta-technology.net /www/asco/images graph_gp_daihatsu_jakarta_bandung.jpg
2010.07.05 20:49 B \\META-SERVER\asco\prototype\images\graph_gp_daihatsu_jakarta_bandung_bdg1.jpg --> ftp.meta-technology.net /www/asco/images graph_gp_daihatsu_jakarta_bandung_bdg1.jpg
2010.07.05 20:49 B \\META-SERVER\asco\prototype\images\graph_gp_daihatsu_jakarta_fat.jpg --> ftp.meta-technology.net /www/asco/images graph_gp_daihatsu_jakarta_fat.jpg
2010.07.05 20:49 B \\META-SERVER\asco\prototype\images\graph_sr.jpg --> ftp.meta-technology.net /www/asco/images graph_sr.jpg
2010.07.05 20:49 B \\META-SERVER\asco\prototype\images\graph_sr_daihatsu.jpg --> ftp.meta-technology.net /www/asco/images graph_sr_daihatsu.jpg
2010.07.05 20:49 B \\META-SERVER\asco\prototype\images\graph_sr_daihatsu_jakarta.jpg --> ftp.meta-technology.net /www/asco/images graph_sr_daihatsu_jakarta.jpg
2010.07.05 20:49 B \\META-SERVER\asco\prototype\images\graph_sr_daihatsu_jakarta_fat.jpg --> ftp.meta-technology.net /www/asco/images graph_sr_daihatsu_jakarta_fat.jpg
2010.07.05 20:49 B \\META-SERVER\asco\prototype\images\head_information.jpg --> ftp.meta-technology.net /www/asco/images head_information.jpg
2010.07.05 20:49 B \\META-SERVER\asco\prototype\images\head_profile.jpg --> ftp.meta-technology.net /www/asco/images head_profile.jpg
2010.07.05 20:49 B \\META-SERVER\asco\prototype\images\left.gif --> ftp.meta-technology.net /www/asco/images left.gif
2010.07.05 20:49 B \\META-SERVER\asco\prototype\images\left_panel_border.jpg --> ftp.meta-technology.net /www/asco/images left_panel_border.jpg
2010.07.05 20:49 B \\META-SERVER\asco\prototype\images\left_panel_switch_close.jpg --> ftp.meta-technology.net /www/asco/images left_panel_switch_close.jpg
2010.07.05 20:49 B \\META-SERVER\asco\prototype\images\left_panel_switch_open.jpg --> ftp.meta-technology.net /www/asco/images left_panel_switch_open.jpg
2010.07.05 20:49 B \\META-SERVER\asco\prototype\images\login.jpg --> ftp.meta-technology.net /www/asco/images login.jpg
2010.07.05 20:49 B \\META-SERVER\asco\prototype\images\login_border.jpg --> ftp.meta-technology.net /www/asco/images login_border.jpg
2010.07.05 20:49 B \\META-SERVER\asco\prototype\images\main_graph1.jpg --> ftp.meta-technology.net /www/asco/images main_graph1.jpg
2010.07.05 20:50 B \\META-SERVER\asco\prototype\images\main_graph2.jpg --> ftp.meta-technology.net /www/asco/images main_graph2.jpg
2010.07.05 20:50 B \\META-SERVER\asco\prototype\images\main_image.jpg --> ftp.meta-technology.net /www/asco/images main_image.jpg
2010.07.05 20:50 B \\META-SERVER\asco\prototype\images\menu_background.jpg --> ftp.meta-technology.net /www/asco/images menu_background.jpg
2010.07.05 20:50 B \\META-SERVER\asco\prototype\images\menu_bengkel.jpg --> ftp.meta-technology.net /www/asco/images menu_bengkel.jpg
2010.07.05 20:50 B \\META-SERVER\asco\prototype\images\menu_bengkel_over.jpg --> ftp.meta-technology.net /www/asco/images menu_bengkel_over.jpg
2010.07.05 20:50 B \\META-SERVER\asco\prototype\images\menu_crm.jpg --> ftp.meta-technology.net /www/asco/images menu_crm.jpg
2010.07.05 20:50 B \\META-SERVER\asco\prototype\images\menu_crm_over.jpg --> ftp.meta-technology.net /www/asco/images menu_crm_over.jpg
2010.07.05 20:50 B \\META-SERVER\asco\prototype\images\menu_eis.jpg --> ftp.meta-technology.net /www/asco/images menu_eis.jpg
2010.07.05 20:50 B \\META-SERVER\asco\prototype\images\menu_eis_over.jpg --> ftp.meta-technology.net /www/asco/images menu_eis_over.jpg
2010.07.05 20:50 B \\META-SERVER\asco\prototype\images\menu_home.jpg --> ftp.meta-technology.net /www/asco/images menu_home.jpg
2010.07.05 20:50 B \\META-SERVER\asco\prototype\images\menu_home_over.jpg --> ftp.meta-technology.net /www/asco/images menu_home_over.jpg
2010.07.05 20:50 B \\META-SERVER\asco\prototype\images\menu_logout.jpg --> ftp.meta-technology.net /www/asco/images menu_logout.jpg
2010.07.05 20:50 B \\META-SERVER\asco\prototype\images\menu_logout_over.jpg --> ftp.meta-technology.net /www/asco/images menu_logout_over.jpg
2010.07.05 20:50 B \\META-SERVER\asco\prototype\images\menu_showroom.jpg --> ftp.meta-technology.net /www/asco/images menu_showroom.jpg
2010.07.05 20:50 B \\META-SERVER\asco\prototype\images\menu_showroom_over.jpg --> ftp.meta-technology.net /www/asco/images menu_showroom_over.jpg
2010.07.05 20:50 B \\META-SERVER\asco\prototype\images\menu_utility.jpg --> ftp.meta-technology.net /www/asco/images menu_utility.jpg
2010.07.05 20:50 B \\META-SERVER\asco\prototype\images\menu_utility_over.jpg --> ftp.meta-technology.net /www/asco/images menu_utility_over.jpg
2010.07.05 20:50 B \\META-SERVER\asco\prototype\images\minus.jpg --> ftp.meta-technology.net /www/asco/images minus.jpg
2010.07.05 20:50 B \\META-SERVER\asco\prototype\images\plus.jpg --> ftp.meta-technology.net /www/asco/images plus.jpg
2010.07.05 20:50 B \\META-SERVER\asco\prototype\images\product_image.jpg --> ftp.meta-technology.net /www/asco/images product_image.jpg
2010.07.05 20:50 B \\META-SERVER\asco\prototype\images\right.gif --> ftp.meta-technology.net /www/asco/images right.gif
2010.07.05 20:50 B \\META-SERVER\asco\prototype\images\search.gif --> ftp.meta-technology.net /www/asco/images search.gif
2010.07.05 20:50 B \\META-SERVER\asco\prototype\images\submenu_ap.jpg --> ftp.meta-technology.net /www/asco/images submenu_ap.jpg
2010.07.05 20:50 B \\META-SERVER\asco\prototype\images\submenu_ap_over.jpg --> ftp.meta-technology.net /www/asco/images submenu_ap_over.jpg
2010.07.05 20:50 B \\META-SERVER\asco\prototype\images\submenu_assign_blanko.jpg --> ftp.meta-technology.net /www/asco/images submenu_assign_blanko.jpg
2010.07.05 20:50 B \\META-SERVER\asco\prototype\images\submenu_assign_blanko_over.jpg --> ftp.meta-technology.net /www/asco/images submenu_assign_blanko_over.jpg
2010.07.05 20:50 B \\META-SERVER\asco\prototype\images\submenu_background.jpg --> ftp.meta-technology.net /www/asco/images submenu_background.jpg
2010.07.05 20:50 B \\META-SERVER\asco\prototype\images\submenu_bast.jpg --> ftp.meta-technology.net /www/asco/images submenu_bast.jpg
2010.07.05 20:50 B \\META-SERVER\asco\prototype\images\submenu_bast_over.jpg --> ftp.meta-technology.net /www/asco/images submenu_bast_over.jpg
2010.07.05 20:50 B \\META-SERVER\asco\prototype\images\submenu_billing.jpg --> ftp.meta-technology.net /www/asco/images submenu_billing.jpg
2010.07.05 20:50 B \\META-SERVER\asco\prototype\images\submenu_billing_over.jpg --> ftp.meta-technology.net /www/asco/images submenu_billing_over.jpg
2010.07.05 20:50 B \\META-SERVER\asco\prototype\images\submenu_blanko.jpg --> ftp.meta-technology.net /www/asco/images submenu_blanko.jpg
2010.07.05 20:51 B \\META-SERVER\asco\prototype\images\submenu_blanko_over.jpg --> ftp.meta-technology.net /www/asco/images submenu_blanko_over.jpg
2010.07.05 20:51 B \\META-SERVER\asco\prototype\images\submenu_booking.jpg --> ftp.meta-technology.net /www/asco/images submenu_booking.jpg
2010.07.05 20:51 B \\META-SERVER\asco\prototype\images\submenu_booking_over.jpg --> ftp.meta-technology.net /www/asco/images submenu_booking_over.jpg
2010.07.05 20:51 B \\META-SERVER\asco\prototype\images\submenu_catat_jual.jpg --> ftp.meta-technology.net /www/asco/images submenu_catat_jual.jpg
2010.07.05 20:51 B \\META-SERVER\asco\prototype\images\submenu_catat_jual_over.jpg --> ftp.meta-technology.net /www/asco/images submenu_catat_jual_over.jpg
2010.07.05 20:51 B \\META-SERVER\asco\prototype\images\submenu_costsheet.jpg --> ftp.meta-technology.net /www/asco/images submenu_costsheet.jpg
2010.07.05 20:51 B \\META-SERVER\asco\prototype\images\submenu_costsheet_over.jpg --> ftp.meta-technology.net /www/asco/images submenu_costsheet_over.jpg
2010.07.05 20:51 B \\META-SERVER\asco\prototype\images\submenu_crm.jpg --> ftp.meta-technology.net /www/asco/images submenu_crm.jpg
2010.07.05 20:51 B \\META-SERVER\asco\prototype\images\submenu_crm_over.jpg --> ftp.meta-technology.net /www/asco/images submenu_crm_over.jpg
2010.07.05 20:51 B \\META-SERVER\asco\prototype\images\submenu_customer.jpg --> ftp.meta-technology.net /www/asco/images submenu_customer.jpg
2010.07.05 20:51 B \\META-SERVER\asco\prototype\images\submenu_customer_over.jpg --> ftp.meta-technology.net /www/asco/images submenu_customer_over.jpg
2010.07.05 20:51 B \\META-SERVER\asco\prototype\images\submenu_distribusi_blanko.jpg --> ftp.meta-technology.net /www/asco/images submenu_distribusi_blanko.jpg
2010.07.05 20:51 B \\META-SERVER\asco\prototype\images\submenu_distribusi_blanko_over.jpg --> ftp.meta-technology.net /www/asco/images submenu_distribusi_blanko_over.jpg
2010.07.05 20:52 B \\META-SERVER\asco\prototype\images\submenu_estimasi.jpg --> ftp.meta-technology.net /www/asco/images submenu_estimasi.jpg
2010.07.05 20:52 B \\META-SERVER\asco\prototype\images\submenu_estimasi_over.jpg --> ftp.meta-technology.net /www/asco/images submenu_estimasi_over.jpg
2010.07.05 20:52 B \\META-SERVER\asco\prototype\images\submenu_faktur.jpg --> ftp.meta-technology.net /www/asco/images submenu_faktur.jpg
2010.07.05 20:52 B \\META-SERVER\asco\prototype\images\submenu_faktur_over.jpg --> ftp.meta-technology.net /www/asco/images submenu_faktur_over.jpg
2010.07.05 20:52 B \\META-SERVER\asco\prototype\images\submenu_finance.jpg --> ftp.meta-technology.net /www/asco/images submenu_finance.jpg
2010.07.05 20:52 B \\META-SERVER\asco\prototype\images\submenu_finance_over.jpg --> ftp.meta-technology.net /www/asco/images submenu_finance_over.jpg
2010.07.05 20:52 B \\META-SERVER\asco\prototype\images\submenu_followup_bengkel.jpg --> ftp.meta-technology.net /www/asco/images submenu_followup_bengkel.jpg
2010.07.05 20:52 B \\META-SERVER\asco\prototype\images\submenu_followup_bengkel_over.jpg --> ftp.meta-technology.net /www/asco/images submenu_followup_bengkel_over.jpg
2010.07.05 20:52 B \\META-SERVER\asco\prototype\images\submenu_followup_sales.jpg --> ftp.meta-technology.net /www/asco/images submenu_followup_sales.jpg
2010.07.05 20:52 B \\META-SERVER\asco\prototype\images\submenu_followup_sales_over.jpg --> ftp.meta-technology.net /www/asco/images submenu_followup_sales_over.jpg
2010.07.05 20:52 B \\META-SERVER\asco\prototype\images\submenu_gp.jpg --> ftp.meta-technology.net /www/asco/images submenu_gp.jpg
2010.07.05 20:52 B \\META-SERVER\asco\prototype\images\submenu_gp_over.jpg --> ftp.meta-technology.net /www/asco/images submenu_gp_over.jpg
2010.07.05 20:52 B \\META-SERVER\asco\prototype\images\submenu_in.jpg --> ftp.meta-technology.net /www/asco/images submenu_in.jpg
2010.07.05 20:52 B \\META-SERVER\asco\prototype\images\submenu_in_over.jpg --> ftp.meta-technology.net /www/asco/images submenu_in_over.jpg
2010.07.05 20:52 B \\META-SERVER\asco\prototype\images\submenu_insentive.jpg --> ftp.meta-technology.net /www/asco/images submenu_insentive.jpg
2010.07.05 20:52 B \\META-SERVER\asco\prototype\images\submenu_insentive_over.jpg --> ftp.meta-technology.net /www/asco/images submenu_insentive_over.jpg
2010.07.05 20:52 B \\META-SERVER\asco\prototype\images\submenu_inventory.jpg --> ftp.meta-technology.net /www/asco/images submenu_inventory.jpg
2010.07.05 20:52 B \\META-SERVER\asco\prototype\images\submenu_inventory_over.jpg --> ftp.meta-technology.net /www/asco/images submenu_inventory_over.jpg
2010.07.05 20:52 B \\META-SERVER\asco\prototype\images\submenu_invoice_jasa_ext.jpg --> ftp.meta-technology.net /www/asco/images submenu_invoice_jasa_ext.jpg
2010.07.05 20:52 B \\META-SERVER\asco\prototype\images\submenu_invoice_jasa_ext_over.jpg --> ftp.meta-technology.net /www/asco/images submenu_invoice_jasa_ext_over.jpg
2010.07.05 20:52 B \\META-SERVER\asco\prototype\images\submenu_kuitansi.jpg --> ftp.meta-technology.net /www/asco/images submenu_kuitansi.jpg
2010.07.05 20:53 B \\META-SERVER\asco\prototype\images\submenu_kuitansi_over.jpg --> ftp.meta-technology.net /www/asco/images submenu_kuitansi_over.jpg
2010.07.05 20:53 B \\META-SERVER\asco\prototype\images\submenu_list.jpg --> ftp.meta-technology.net /www/asco/images submenu_list.jpg
2010.07.05 20:53 B \\META-SERVER\asco\prototype\images\submenu_list_over.jpg --> ftp.meta-technology.net /www/asco/images submenu_list_over.jpg
2010.07.05 20:53 B \\META-SERVER\asco\prototype\images\submenu_logs.jpg --> ftp.meta-technology.net /www/asco/images submenu_logs.jpg
2010.07.05 20:53 B \\META-SERVER\asco\prototype\images\submenu_logs_over.jpg --> ftp.meta-technology.net /www/asco/images submenu_logs_over.jpg
2010.07.05 20:53 B \\META-SERVER\asco\prototype\images\submenu_master.jpg --> ftp.meta-technology.net /www/asco/images submenu_master.jpg
2010.07.05 20:53 B \\META-SERVER\asco\prototype\images\submenu_master_over.jpg --> ftp.meta-technology.net /www/asco/images submenu_master_over.jpg
2010.07.05 20:53 B \\META-SERVER\asco\prototype\images\submenu_mdp.jpg --> ftp.meta-technology.net /www/asco/images submenu_mdp.jpg
2010.07.05 20:53 B \\META-SERVER\asco\prototype\images\submenu_mdp_over.jpg --> ftp.meta-technology.net /www/asco/images submenu_mdp_over.jpg
2010.07.05 20:53 B \\META-SERVER\asco\prototype\images\submenu_membership.jpg --> ftp.meta-technology.net /www/asco/images submenu_membership.jpg
2010.07.05 20:53 B \\META-SERVER\asco\prototype\images\submenu_membership_over.jpg --> ftp.meta-technology.net /www/asco/images submenu_membership_over.jpg
2010.07.05 20:53 B \\META-SERVER\asco\prototype\images\submenu_mpd.jpg --> ftp.meta-technology.net /www/asco/images submenu_mpd.jpg
2010.07.05 20:53 B \\META-SERVER\asco\prototype\images\submenu_mpd_over.jpg --> ftp.meta-technology.net /www/asco/images submenu_mpd_over.jpg
2010.07.05 20:53 B \\META-SERVER\asco\prototype\images\submenu_nota.jpg --> ftp.meta-technology.net /www/asco/images submenu_nota.jpg
2010.07.05 20:53 B \\META-SERVER\asco\prototype\images\submenu_nota_bahan.jpg --> ftp.meta-technology.net /www/asco/images submenu_nota_bahan.jpg
2010.07.05 20:53 B \\META-SERVER\asco\prototype\images\submenu_nota_bahan_over.jpg --> ftp.meta-technology.net /www/asco/images submenu_nota_bahan_over.jpg
2010.07.05 20:53 B \\META-SERVER\asco\prototype\images\submenu_nota_jasa.jpg --> ftp.meta-technology.net /www/asco/images submenu_nota_jasa.jpg
2010.07.05 20:53 B \\META-SERVER\asco\prototype\images\submenu_nota_jasa_over.jpg --> ftp.meta-technology.net /www/asco/images submenu_nota_jasa_over.jpg
2010.07.05 20:53 B \\META-SERVER\asco\prototype\images\submenu_nota_over.jpg --> ftp.meta-technology.net /www/asco/images submenu_nota_over.jpg
2010.07.05 20:53 B \\META-SERVER\asco\prototype\images\submenu_nota_suku_cadang.jpg --> ftp.meta-technology.net /www/asco/images submenu_nota_suku_cadang.jpg
2010.07.05 20:53 B \\META-SERVER\asco\prototype\images\submenu_nota_suku_cadang_over.jpg --> ftp.meta-technology.net /www/asco/images submenu_nota_suku_cadang_over.jpg
2010.07.05 20:53 B \\META-SERVER\asco\prototype\images\submenu_online_stock.jpg --> ftp.meta-technology.net /www/asco/images submenu_online_stock.jpg
2010.07.05 20:53 B \\META-SERVER\asco\prototype\images\submenu_online_stock_over.jpg --> ftp.meta-technology.net /www/asco/images submenu_online_stock_over.jpg
2010.07.05 20:53 B \\META-SERVER\asco\prototype\images\submenu_online_stock_unit.jpg --> ftp.meta-technology.net /www/asco/images submenu_online_stock_unit.jpg
2010.07.05 20:53 B \\META-SERVER\asco\prototype\images\submenu_online_stock_unit_over.jpg --> ftp.meta-technology.net /www/asco/images submenu_online_stock_unit_over.jpg
2010.07.05 20:53 B \\META-SERVER\asco\prototype\images\submenu_out.jpg --> ftp.meta-technology.net /www/asco/images submenu_out.jpg
2010.07.05 20:53 B \\META-SERVER\asco\prototype\images\submenu_out_over.jpg --> ftp.meta-technology.net /www/asco/images submenu_out_over.jpg
2010.07.05 20:53 B \\META-SERVER\asco\prototype\images\submenu_pesan_unit.jpg --> ftp.meta-technology.net /www/asco/images submenu_pesan_unit.jpg
2010.07.05 20:53 B \\META-SERVER\asco\prototype\images\submenu_pesan_unit_over.jpg --> ftp.meta-technology.net /www/asco/images submenu_pesan_unit_over.jpg
2010.07.05 20:53 B \\META-SERVER\asco\prototype\images\submenu_pkb.jpg --> ftp.meta-technology.net /www/asco/images submenu_pkb.jpg
2010.07.05 20:53 B \\META-SERVER\asco\prototype\images\submenu_pkb_over.jpg --> ftp.meta-technology.net /www/asco/images submenu_pkb_over.jpg
2010.07.05 20:53 B \\META-SERVER\asco\prototype\images\submenu_po.jpg --> ftp.meta-technology.net /www/asco/images submenu_po.jpg
2010.07.05 20:53 B \\META-SERVER\asco\prototype\images\submenu_po_jasa_ext.jpg --> ftp.meta-technology.net /www/asco/images submenu_po_jasa_ext.jpg
2010.07.05 20:53 B \\META-SERVER\asco\prototype\images\submenu_po_jasa_ext_over.jpg --> ftp.meta-technology.net /www/asco/images submenu_po_jasa_ext_over.jpg
2010.07.05 20:53 B \\META-SERVER\asco\prototype\images\submenu_po_over.jpg --> ftp.meta-technology.net /www/asco/images submenu_po_over.jpg
2010.07.05 20:53 B \\META-SERVER\asco\prototype\images\submenu_re.jpg --> ftp.meta-technology.net /www/asco/images submenu_re.jpg
2010.07.05 20:54 B \\META-SERVER\asco\prototype\images\submenu_re_over.jpg --> ftp.meta-technology.net /www/asco/images submenu_re_over.jpg
2010.07.05 20:54 B \\META-SERVER\asco\prototype\images\submenu_refund.jpg --> ftp.meta-technology.net /www/asco/images submenu_refund.jpg
2010.07.05 20:54 B \\META-SERVER\asco\prototype\images\submenu_refund_over.jpg --> ftp.meta-technology.net /www/asco/images submenu_refund_over.jpg
2010.07.05 20:54 B \\META-SERVER\asco\prototype\images\submenu_rekap_penerimaan.jpg --> ftp.meta-technology.net /www/asco/images submenu_rekap_penerimaan.jpg
2010.07.05 20:54 B \\META-SERVER\asco\prototype\images\submenu_rekap_penerimaan_over.jpg --> ftp.meta-technology.net /www/asco/images submenu_rekap_penerimaan_over.jpg
2010.07.05 20:54 B \\META-SERVER\asco\prototype\images\submenu_repair.jpg --> ftp.meta-technology.net /www/asco/images submenu_repair.jpg
2010.07.05 20:54 B \\META-SERVER\asco\prototype\images\submenu_repair_over.jpg --> ftp.meta-technology.net /www/asco/images submenu_repair_over.jpg
2010.07.05 20:54 B \\META-SERVER\asco\prototype\images\submenu_retur_po.jpg --> ftp.meta-technology.net /www/asco/images submenu_retur_po.jpg
2010.07.05 20:54 B \\META-SERVER\asco\prototype\images\submenu_retur_po_over.jpg --> ftp.meta-technology.net /www/asco/images submenu_retur_po_over.jpg
2010.07.05 20:54 B \\META-SERVER\asco\prototype\images\submenu_rspp.jpg --> ftp.meta-technology.net /www/asco/images submenu_rspp.jpg
2010.07.05 20:54 B \\META-SERVER\asco\prototype\images\submenu_rspp_over.jpg --> ftp.meta-technology.net /www/asco/images submenu_rspp_over.jpg
2010.07.05 20:54 B \\META-SERVER\asco\prototype\images\submenu_sas.jpg --> ftp.meta-technology.net /www/asco/images submenu_sas.jpg
2010.07.05 20:54 B \\META-SERVER\asco\prototype\images\submenu_sas_over.jpg --> ftp.meta-technology.net /www/asco/images submenu_sas_over.jpg
2010.07.05 20:54 B \\META-SERVER\asco\prototype\images\submenu_sms.jpg --> ftp.meta-technology.net /www/asco/images submenu_sms.jpg
2010.07.05 20:54 B \\META-SERVER\asco\prototype\images\submenu_sms_over.jpg --> ftp.meta-technology.net /www/asco/images submenu_sms_over.jpg
2010.07.05 20:54 B \\META-SERVER\asco\prototype\images\submenu_so.jpg --> ftp.meta-technology.net /www/asco/images submenu_so.jpg
2010.07.05 20:54 B \\META-SERVER\asco\prototype\images\submenu_so_over.jpg --> ftp.meta-technology.net /www/asco/images submenu_so_over.jpg
2010.07.05 20:54 B \\META-SERVER\asco\prototype\images\submenu_spk.jpg --> ftp.meta-technology.net /www/asco/images submenu_spk.jpg
2010.07.05 20:54 B \\META-SERVER\asco\prototype\images\submenu_spk_over.jpg --> ftp.meta-technology.net /www/asco/images submenu_spk_over.jpg
2010.07.05 20:54 B \\META-SERVER\asco\prototype\images\submenu_spkl.jpg --> ftp.meta-technology.net /www/asco/images submenu_spkl.jpg
2010.07.05 20:54 B \\META-SERVER\asco\prototype\images\submenu_spkl_over.jpg --> ftp.meta-technology.net /www/asco/images submenu_spkl_over.jpg
2010.07.05 20:54 B \\META-SERVER\asco\prototype\images\submenu_sr.jpg --> ftp.meta-technology.net /www/asco/images submenu_sr.jpg
2010.07.05 20:55 B \\META-SERVER\asco\prototype\images\submenu_sr_over.jpg --> ftp.meta-technology.net /www/asco/images submenu_sr_over.jpg
2010.07.05 20:55 B \\META-SERVER\asco\prototype\images\submenu_terima_po.jpg --> ftp.meta-technology.net /www/asco/images submenu_terima_po.jpg
2010.07.05 20:55 B \\META-SERVER\asco\prototype\images\submenu_terima_po_over.jpg --> ftp.meta-technology.net /www/asco/images submenu_terima_po_over.jpg
2010.07.05 20:55 B \\META-SERVER\asco\prototype\images\submenu_terima_transfer.jpg --> ftp.meta-technology.net /www/asco/images submenu_terima_transfer.jpg
2010.07.05 20:55 B \\META-SERVER\asco\prototype\images\submenu_terima_transfer_over.jpg --> ftp.meta-technology.net /www/asco/images submenu_terima_transfer_over.jpg
2010.07.05 20:55 B \\META-SERVER\asco\prototype\images\submenu_terima_unit.jpg --> ftp.meta-technology.net /www/asco/images submenu_terima_unit.jpg
2010.07.05 20:55 B \\META-SERVER\asco\prototype\images\submenu_terima_unit_over.jpg --> ftp.meta-technology.net /www/asco/images submenu_terima_unit_over.jpg
2010.07.05 20:55 B \\META-SERVER\asco\prototype\images\submenu_todo_list.jpg --> ftp.meta-technology.net /www/asco/images submenu_todo_list.jpg
2010.07.05 20:55 B \\META-SERVER\asco\prototype\images\submenu_todo_list_over.jpg --> ftp.meta-technology.net /www/asco/images submenu_todo_list_over.jpg
2010.07.05 20:55 B \\META-SERVER\asco\prototype\images\submenu_tools.jpg --> ftp.meta-technology.net /www/asco/images submenu_tools.jpg
2010.07.05 20:55 B \\META-SERVER\asco\prototype\images\submenu_tools_over.jpg --> ftp.meta-technology.net /www/asco/images submenu_tools_over.jpg
2010.07.05 20:55 B \\META-SERVER\asco\prototype\images\submenu_transfer.jpg --> ftp.meta-technology.net /www/asco/images submenu_transfer.jpg
2010.07.05 20:55 B \\META-SERVER\asco\prototype\images\submenu_transfer_over.jpg --> ftp.meta-technology.net /www/asco/images submenu_transfer_over.jpg
2010.07.05 20:55 B \\META-SERVER\asco\prototype\images\submenu_ttbj.jpg --> ftp.meta-technology.net /www/asco/images submenu_ttbj.jpg
2010.07.05 20:55 B \\META-SERVER\asco\prototype\images\submenu_ttbj_over.jpg --> ftp.meta-technology.net /www/asco/images submenu_ttbj_over.jpg
2010.07.05 20:55 B \\META-SERVER\asco\prototype\images\submenu_unit.jpg --> ftp.meta-technology.net /www/asco/images submenu_unit.jpg
2010.07.05 20:55 B \\META-SERVER\asco\prototype\images\submenu_unit_over.jpg --> ftp.meta-technology.net /www/asco/images submenu_unit_over.jpg
2010.07.05 20:55 B \\META-SERVER\asco\prototype\images\table_left_corner.gif --> ftp.meta-technology.net /www/asco/images table_left_corner.gif
2010.07.05 20:55 B \\META-SERVER\asco\prototype\images\table_right_corner.gif --> ftp.meta-technology.net /www/asco/images table_right_corner.gif
2010.07.05 20:56 B \\META-SERVER\asco\prototype\images\Thumbs.db --> ftp.meta-technology.net /www/asco/images Thumbs.db
2010.07.05 20:56 B \\META-SERVER\asco\prototype\images\top_background.jpg --> ftp.meta-technology.net /www/asco/images top_background.jpg
2010.07.05 20:56 B \\META-SERVER\asco\prototype\images\true.gif --> ftp.meta-technology.net /www/asco/images true.gif
